Thu  3 Mar 19:27:11 GMT 2022


                 *********************************************
                 *                                           *
                 *               s  T  D  A                  *
                 *                                           *
                 *                S. Grimme                  *
                 * Mulliken Center for Theoretical Chemistry *
                 *             Universitaet Bonn             *
                 *              Version 1.6.2                *
                 *       Tue Sep 10 14:44:30 CET 2020        *
                 *********************************************
 
 Please cite as:
 S. Grimme, J. Chem. Phys. 138 (2013) 244104
 
 With contributions from:
 C. Bannwarth, P. Shushkov, M. de Wergifosse
 
======================================================================
 
 reading an xTB output...
 
 reading: wfn.xtb
======================================================================
                    M O / A O    I N P U T 
======================================================================
atom #          x             y             z            charge
  C  1      2.16808258   -1.06542749   -1.15216591         6.00
  N  2      0.14739862   -2.53185483   -1.24910885         7.00
  C  3     -2.02824286   -1.33641419   -0.96489407         6.00
  N  4     -2.28562354    1.12306413   -0.60641306         7.00
  C  5     -0.13965075    2.40165271   -0.54254032         6.00
  N  6      2.13822491    1.40879070   -0.80388942         7.00
  H  7      3.99393579   -1.96248040   -1.37572049         1.00
  H  8     -3.73636615   -2.46174599   -1.03084551         1.00
  H  9     -0.25756965    4.42422639   -0.25284533         1.00

 # atoms          =    9
 # mos            =   45
 # primitive  aos =  333
 # contracted aos =   63

 spherical AO basis
======================================================================
                    A O   I N T E G R A L S
======================================================================
 memory needed for AO int data: 157 Kb
 done.
  
Restricted MOs found... RKS-sTD-DFT will be performed
  
======================================================================
                    s T D A
======================================================================
 spectral range up to (eV)     :    10.0000000000000     
 occ MO cut-off (eV)           :   -35.0627086602384     
 virtMO cut-off (eV)           :    10.9768770378284     
 perturbation thr              :   1.000000000000000E-004
 triplet                       :  F
 MOs in TDA :           36
 oMOs in TDA:           15
 vMOs in TDA:           21
 sorting MOs ...
 reading and transforming R..V..L AO ints ...
 ints done.
 S^1/2 ...
 S^1/2 orthogonalized MO coefficients done.

 SCF atom population (using active MOs):
  3.785  5.168  3.785  5.169  3.785  5.168  1.046  1.046  1.046
 
 # electrons in TDA:  30.000
 
 
 ax(DF)   :   0.500000000000000     
 s^K      :    2.00000000000000     
 beta  (J):    4.00000000000000     
 alpha (K):    2.00000000000000     
 
 hardness table read.
 setting up gammas ...
 memory needed for q data (Mb)                      0
 computing q(ij,n) ...
 
          26 CSF included by energy.
 
         289 considered in PT2.
 ordered frontier orbitals
         eV     # centers
   5   -28.853     6.1
   6   -26.769     6.1
   7   -24.011     7.9
   8   -23.154     6.0
   9   -21.721     6.1
  10   -21.720     6.1
  11   -20.116     5.4
  12   -19.415     3.8
  13   -19.414     3.8
  14   -17.024     3.9
  15   -17.023     3.9
 
  16    -7.063     4.0
  17    -7.061     4.0
  18    -5.241     8.0
  19    -4.068     5.3
  20    -4.068     5.3
  21    -3.633     6.4
  22    -1.942     7.0
  23    -1.590     6.7
  24    -1.590     6.7
  25    -1.555     4.9
  26    -1.555     4.9
 
             lowest CSF states
       eV     nm      excitation i->a               eV
    1  4.81   257.8       15 ->  16     gap,J,K:   9.960   5.651   0.000   Kshft:   0.500  locality: 1.001
    2  4.81   257.7       14 ->  17     gap,J,K:   9.962   5.651   0.000   Kshft:   0.500  locality: 1.001
    3  4.85   255.7       14 ->  16     gap,J,K:   9.961   5.613   0.000   Kshft:   0.500  locality: 0.994
    4  4.85   255.7       15 ->  17     gap,J,K:   9.962   5.613   0.000   Kshft:   0.500  locality: 0.994
    5  6.90   179.6       15 ->  18     gap,J,K:  11.782   5.407   0.015   Kshft:   0.500  locality: 0.996
    6  6.91   179.5       14 ->  18     gap,J,K:  11.783   5.407   0.015   Kshft:   0.500  locality: 0.996
    7  7.97   155.6       11 ->  16     gap,J,K:  13.053   5.584   0.000   Kshft:   0.500  locality: 1.005
    8  7.97   155.6       11 ->  17     gap,J,K:  13.055   5.584   0.000   Kshft:   0.500  locality: 1.005
    9  8.03   154.4       15 ->  19     gap,J,K:  12.955   5.440   0.007   Kshft:   0.500  locality: 0.999
   10  8.03   154.4       14 ->  20     gap,J,K:  12.956   5.440   0.007   Kshft:   0.500  locality: 0.999
   11  8.14   152.3       12 ->  16     gap,J,K:  12.352   5.674   0.732   Kshft:   0.000  locality: 1.007
   12  8.14   152.3       13 ->  17     gap,J,K:  12.352   5.674   0.732   Kshft:   0.000  locality: 1.007
   13  8.28   149.7       15 ->  20     gap,J,K:  12.955   5.209   0.018   Kshft:   0.499  locality: 0.957
   14  8.28   149.7       14 ->  19     gap,J,K:  12.956   5.209   0.018   Kshft:   0.499  locality: 0.957
   15  8.42   147.2       15 ->  21     gap,J,K:  13.390   5.465   0.000   Kshft:   0.500  locality: 0.999
   16  8.43   147.2       14 ->  21     gap,J,K:  13.391   5.465   0.000   Kshft:   0.500  locality: 0.999
   17  8.88   139.7       13 ->  16     gap,J,K:  12.351   5.617   1.071   Kshft:   0.000  locality: 0.997
   18  8.88   139.6       12 ->  17     gap,J,K:  12.353   5.617   1.071   Kshft:   0.000  locality: 0.997
   19  9.26   133.9       13 ->  18     gap,J,K:  14.173   5.415   0.000   Kshft:   0.500  locality: 1.000
   20  9.26   133.9       12 ->  18     gap,J,K:  14.174   5.415   0.000   Kshft:   0.500  locality: 1.000
   21  9.78   126.8        9 ->  16     gap,J,K:  14.658   5.382   0.000   Kshft:   0.500  locality: 0.993
   22  9.78   126.8       10 ->  17     gap,J,K:  14.659   5.382   0.000   Kshft:   0.500  locality: 0.993
   23  9.80   126.5       10 ->  16     gap,J,K:  14.657   5.353   0.000   Kshft:   0.500  locality: 0.988
   24  9.81   126.4        9 ->  17     gap,J,K:  14.659   5.353   0.000   Kshft:   0.500  locality: 0.988
   25  9.96   124.5       15 ->  22     gap,J,K:  15.081   5.621   0.000   Kshft:   0.500  locality: 0.993
 
 selecting CSF ...
 average/max PT2 energy lowering (eV):     0.004     0.010
         158 CSF included by PT.
         184 CSF in total.
 sTD-DFT procedure...
 setting up A+B and A-B matrices
  calculating (A-B)^0.5 ...
 estimated time (min)     0.00
  calculating (A+B)*(A-B)^0.5 ...
 calculate eigenvalues of (A-B)^0.5*(A+B)*(A-B)^0.5 ...
  rpa vectors ok
   24 roots found, lowest/highest eigenvalue :    4.779   9.821   0
 writing spectral data to tda.dat ...
 
 excitation energies, transition moments and TDA amplitudes
 state    eV      nm       fL         Rv
    1    4.779   259.4     0.0000     0.0000     0.55(  15->  16)  0.45(  14->  17)  0.00(  14->  16)
    2    4.800   258.3     0.0000     0.0036     0.50(  14->  16)  0.48(  15->  17)  0.01(  14->  17)
    3    4.801   258.3     0.0000    -0.0030     0.54(  14->  17)  0.44(  15->  16)  0.01(  14->  16)
    4    4.829   256.7     0.0228     0.0003     0.50(  15->  17)  0.49(  14->  16)  0.00(  11->  22)
    5    6.615   187.4     0.0000     0.0000     0.50(  12->  16)  0.50(  13->  17)  0.00(  13->  16)
    6    6.797   182.4     0.0142     0.0000     0.85(  15->  18)  0.11(  14->  18)  0.01(  15->  19)
    7    6.798   182.4     0.0141    -0.0000     0.85(  14->  18)  0.11(  15->  18)  0.01(  15->  20)
    8    7.614   162.8     0.0000    -0.0000     0.40(  13->  16)  0.40(  12->  17)  0.06(  15->  20)
    9    7.840   158.1     0.0000    -0.0001     0.49(  15->  19)  0.49(  14->  20)  0.01(  15->  20)
   10    7.856   157.8     0.0000    -0.0485     0.90(  11->  16)  0.07(  14->  21)  0.03(  14->  22)
   11    7.857   157.8     0.0000     0.0484     0.90(  11->  17)  0.07(  15->  21)  0.03(  15->  22)
   12    8.091   153.2     0.0591    -0.0010     0.47(  15->  20)  0.47(  14->  19)  0.02(  14->  18)
   13    8.093   153.2     0.0604     0.0011     0.48(  14->  20)  0.47(  15->  19)  0.02(  15->  18)
   14    8.352   148.5     0.0000     0.0001     0.40(  14->  19)  0.39(  15->  20)  0.07(  13->  16)
   15    8.379   148.0     0.0000    -0.0016     0.91(  15->  21)  0.07(  11->  17)  0.01(  15->  25)
   16    8.380   148.0     0.0000     0.0018     0.91(  14->  21)  0.07(  11->  16)  0.01(  15->  26)
   17    8.484   146.1     0.7195     0.0368     0.47(  12->  17)  0.47(  13->  16)  0.01(  11->  24)
   18    8.497   145.9     0.7159    -0.0363     0.47(  13->  17)  0.47(  12->  16)  0.01(  11->  23)
   19    9.210   134.6     0.0000    -0.0046     0.99(  13->  18)  0.00(   8->  19)  0.00(  13->  19)
   20    9.211   134.6     0.0000     0.0050     0.99(  12->  18)  0.00(   8->  20)  0.00(  13->  20)
   21    9.620   128.9     0.0000    -0.0003     0.30(  10->  16)  0.29(   9->  17)  0.28(  15->  22)
   22    9.621   128.9     0.0000     0.0001     0.30(   9->  16)  0.29(  10->  17)  0.28(  14->  22)
   23    9.721   127.5     0.0004    -0.0000     0.50(  10->  17)  0.49(   9->  16)  0.00(   7->  22)
   24    9.821   126.2     0.0000    -0.0001     0.50(   9->  17)  0.49(  10->  16)  0.00(  15->  25)

  alpha tensor

           1         2         3
 
    1  24.74041
    2   0.08690  24.40332
    3  -1.19903   3.10933   2.67749
 trace alpha_L[0] / au:   17.2737407507129     
 sum rule f_L           1.60630125124284     
 
 SOS specific optical rotation 
 including Lorentz factor for common solvent (n=1.4)
 lambda [eV] alpha[grad*cm^3*g^-1*dm^-1]
 632.8  1.96        0.04
 589.3  2.10        0.04        0.00 ##
 579.0  2.14        0.05
 546.0  2.27        0.05
 436.0  2.84        0.10
 365.0  3.40        0.17
 
 sTD-DFT done.
Thu  3 Mar 19:27:12 GMT 2022
